<?xml version="1.0" encoding="UTF-8"?>
<!-- Generated by org.testng.reporters.JUnitReportReporter -->
<testsuite hostname="CFLNAVALUR4431" failures="0" tests="1" name="stockAutomationTests.StockInfoValidationTest" time="2.439" errors="0" timestamp="2024-12-12T16:58:29 IST" skipped="0">
  <testcase classname="stockAutomationTests.StockInfoValidationTest" name="verifyStockInformation" time="2.439"/>
</testsuite> <!-- stockAutomationTests.StockInfoValidationTest -->
