<?xml version="1.0" encoding="UTF-8"?>
<!-- Generated by org.testng.reporters.JUnitReportReporter -->
<testsuite hostname="CFLNAVALUR4431" failures="0" tests="2" name="StockTests.StockInfoValidationTest" time="10.674" errors="0" timestamp="2024-12-26T18:57:31 IST" skipped="0">
  <testcase classname="StockTests.StockInfoValidationTest" name="verifyStockInformation" time="5.248"/>
  <testcase classname="StockTests.StockInfoValidationTest" name="verifyStockInformation" time="5.426"/>
</testsuite> <!-- StockTests.StockInfoValidationTest -->
